================================================================
======== Log Rotated - 22/03/2026 00:00:00                      
================================================================
[12:09:39] [EhcGN#2] Toral: joined with identifiers [license:7d4d…d069, xbl:2533…8716, live:1899…6936, license2:7d4d…d069]
[12:12:55] [EhcGN#2] Toral: disconnected (Exiting)
================================================================
======== txAdmin v8.0.1 atop fxserver 25770 Starting - 22/03/2026 12:13:16
================================================================
[12:13:31] txAdmin: Logger started
[12:14:33] [nCTNQ#1] Toral: joined with identifiers [license:7d4d…d069, xbl:2533…8716, live:1899…6936, fivem:1042878, license2:7d4d…d069]
[12:19:01] [nCTNQ#1] Toral: said "/-usePoint"
[12:19:50] [nCTNQ#1] Toral: disconnected (Exiting)
[12:57:06] [nCTNQ#2] Toral: joined with identifiers [license:7d4d…d069, xbl:2533…8716, live:1899…6936, fivem:1042878, license2:7d4d…d069]
[13:26:46] [nCTNQ#2] Toral: said "/CDS2"
[13:34:16] [nCTNQ#2] Toral: said "/cds2"
[13:34:17] [nCTNQ#2] Toral: said "/cds"
[13:34:18] [nCTNQ#2] Toral: said "/cds3"
[13:45:27] [nCTNQ#2] Toral: said "/-usePoint"
[14:03:28] [nCTNQ#2] Toral: said "/-usePoint"
[14:03:29] [nCTNQ#2] Toral: said "/ar minivan"
[14:04:06] [nCTNQ#2] Toral: said "/-usePoint"
[14:04:07] [nCTNQ#2] Toral: said "/ar surfer"
[14:09:09] [nCTNQ#2] Toral: said "/cds"
[14:09:11] [nCTNQ#2] Toral: said "/cds"
[14:09:13] [nCTNQ#2] Toral: said "/coord"
[14:10:19] [nCTNQ#2] Toral: said "/-usePoint"
[14:10:20] [nCTNQ#2] Toral: said "/ar bobcatxl"
[14:16:19] [nCTNQ#2] Toral: said "/carenduro"
[14:18:00] [nCTNQ#2] Toral: said "/nvc"
[14:18:01] [nCTNQ#2] Toral: said "/nv"
================================================================
======== txAdmin v8.0.1 atop fxserver 25770 Starting - 22/03/2026 14:23:31
================================================================
================================================================
======== txAdmin v8.0.1 atop fxserver 25770 Starting - 22/03/2026 14:23:58
================================================================
[14:24:14] txAdmin: Logger started
[14:25:04] [NYLkN#1] Toral: joined with identifiers [license:7d4d…d069, xbl:2533…8716, live:1899…6936, fivem:1042878, license2:7d4d…d069]
================================================================
======== txAdmin v8.0.1 atop fxserver 25770 Starting - 22/03/2026 14:32:24
================================================================
[14:32:39] txAdmin: Logger started
[14:33:16] [EqE7c#1] Toral: joined with identifiers [license:7d4d…d069, xbl:2533…8716, live:1899…6936, fivem:1042878, license2:7d4d…d069]
[15:48:49] [EqE7c#1] Toral: died from suicide (Falling)
================================================================
======== txAdmin v8.0.1 atop fxserver 25770 Starting - 22/03/2026 15:50:22
================================================================
[15:50:38] txAdmin: Logger started
[15:51:13] [76aqm#1] Toral: joined with identifiers [license:7d4d…d069, xbl:2533…8716, live:1899…6936, fivem:1042878, license2:7d4d…d069]
================================================================
======== txAdmin v8.0.1 atop fxserver 25770 Starting - 22/03/2026 15:54:59
================================================================
[15:55:14] txAdmin: Logger started
[15:56:23] [d76MA#1] Toral: joined with identifiers [license:7d4d…d069, xbl:2533…8716, live:1899…6936, fivem:1042878, license2:7d4d…d069]
================================================================
======== txAdmin v8.0.1 atop fxserver 25770 Starting - 22/03/2026 16:06:44
================================================================
[16:06:58] txAdmin: Logger started
[16:07:43] [N3qd9#1] Toral: joined with identifiers [license:7d4d…d069, xbl:2533…8716, live:1899…6936, fivem:1042878, license2:7d4d…d069]
[16:11:33] [N3qd9#1] Toral: said "/estoque"
[16:13:53] [N3qd9#1] Toral: said "/stock"
[16:14:02] [N3qd9#1] Toral: said "/sesstock"
================================================================
======== txAdmin v8.0.1 atop fxserver 25770 Starting - 22/03/2026 16:54:24
================================================================
[16:54:39] txAdmin: Logger started
[16:57:50] [hNwqQ#1] Toral: joined with identifiers [license:7d4d…d069, xbl:2533…8716, live:1899…6936, fivem:1042878, license2:7d4d…d069]
================================================================
======== txAdmin v8.0.1 atop fxserver 25770 Starting - 22/03/2026 17:13:59
================================================================
[17:14:14] txAdmin: Logger started
[17:15:00] [Ewzy7#1] Toral: joined with identifiers [license:7d4d…d069, xbl:2533…8716, live:1899…6936, fivem:1042878, license2:7d4d…d069]
================================================================
======== txAdmin v8.0.1 atop fxserver 25770 Starting - 22/03/2026 17:20:16
================================================================
[17:20:33] txAdmin: Logger started
================================================================
======== txAdmin v8.0.1 atop fxserver 25770 Starting - 22/03/2026 17:22:33
================================================================
[17:22:48] txAdmin: Logger started
[17:23:25] [VGkw6#1] Toral: joined with identifiers [license:7d4d…d069, xbl:2533…8716, live:1899…6936, fivem:1042878, license2:7d4d…d069]
[17:28:56] [VGkw6#1] Toral: said "/-editPoint"
[18:13:57] [VGkw6#1] Toral: died from suicide (Falling)
================================================================
======== txAdmin v8.0.1 atop fxserver 25770 Starting - 22/03/2026 20:06:48
================================================================
[20:07:05] txAdmin: Logger started
[20:08:23] [AtcjL#1] Toral: joined with identifiers [license:7d4d…d069, xbl:2533…8716, live:1899…6936, fivem:1042878, license2:7d4d…d069]
================================================================
======== txAdmin v8.0.1 atop fxserver 25770 Starting - 22/03/2026 20:28:46
================================================================
[20:29:03] txAdmin: Logger started
[20:29:25] [z76V8#1] Toral: joined with identifiers [license:7d4d…d069, xbl:2533…8716, live:1899…6936, fivem:1042878, license2:7d4d…d069]
[20:37:14] [z76V8#1] Toral: disconnected (Exiting)
================================================================
======== txAdmin v8.0.1 atop fxserver 25770 Starting - 22/03/2026 20:38:21
================================================================
[20:38:37] txAdmin: Logger started
[20:39:57] [GHzPC#1] Toral: joined with identifiers [license:7d4d…d069, xbl:2533…8716, live:1899…6936, fivem:1042878, license2:7d4d…d069]
================================================================
======== txAdmin v8.0.1 atop fxserver 25770 Starting - 22/03/2026 20:50:39
================================================================
[20:50:54] txAdmin: Logger started
================================================================
======== txAdmin v8.0.1 atop fxserver 25770 Starting - 22/03/2026 20:52:01
================================================================
[20:52:16] txAdmin: Logger started
[20:53:23] [jzUEJ#1] Toral: joined with identifiers [license:7d4d…d069, xbl:2533…8716, live:1899…6936, fivem:1042878, license2:7d4d…d069]
================================================================
======== txAdmin v8.0.1 atop fxserver 25770 Starting - 22/03/2026 20:57:25
================================================================
[20:57:41] txAdmin: Logger started
[20:58:14] [GUzmG#1] Toral: joined with identifiers [license:7d4d…d069, xbl:2533…8716, live:1899…6936, fivem:1042878, license2:7d4d…d069]
================================================================
======== txAdmin v8.0.1 atop fxserver 25770 Starting - 22/03/2026 21:48:08
================================================================
[21:48:25] txAdmin: Logger started
[21:49:12] [e6XBi#1] Toral: joined with identifiers [license:7d4d…d069, xbl:2533…8716, live:1899…6936, fivem:1042878, license2:7d4d…d069]
================================================================
======== txAdmin v8.0.1 atop fxserver 25770 Starting - 22/03/2026 21:51:38
================================================================
[21:51:53] txAdmin: Logger started
[21:52:34] [z6BhK#1] Toral: joined with identifiers [license:7d4d…d069, xbl:2533…8716, live:1899…6936, fivem:1042878, license2:7d4d…d069]
================================================================
======== txAdmin v8.0.1 atop fxserver 25770 Starting - 22/03/2026 21:58:03
================================================================
[21:58:19] txAdmin: Logger started
[21:59:03] [EBUEP#1] Toral: joined with identifiers [license:7d4d…d069, xbl:2533…8716, live:1899…6936, fivem:1042878, license2:7d4d…d069]
