================================================================
======== Log Rotated - 24/03/2026 00:00:00                      
================================================================
[00:08:03] [r84BX#5] CALA A BOCA WL: said "/tpto 1"
[00:09:20] [r84BX#1] Toral: said "/quirt"
[00:09:21] [r84BX#1] Toral: disconnected (Exiting)
[00:09:59] [r84BX#5] CALA A BOCA WL: disconnected (Exiting)
================================================================
======== txAdmin v8.0.1 atop fxserver 25770 Starting - 24/03/2026 12:39:18
================================================================
[12:39:34] txAdmin: Logger started
================================================================
======== txAdmin v8.0.1 atop fxserver 25770 Starting - 24/03/2026 12:59:03
================================================================
[12:59:18] txAdmin: Logger started
[13:04:00] [kK3WF#1] Toral: joined with identifiers [license:7d4d…d069, xbl:2533…8716, live:1899…6936, discord:2881…9632, fivem:1042878, license2:7d4d…d069]
[14:09:30] [kK3WF#1] Toral: said "/."
[14:09:30] [kK3WF#1] Toral: said "/."
[14:09:31] [kK3WF#1] Toral: said "/."
[14:10:24] [kK3WF#1] Toral: disconnected (Exiting)
[14:11:19] [kK3WF#2] Toral: joined with identifiers [license:7d4d…d069, xbl:2533…8716, live:1899…6936, discord:2881…9632, fivem:1042878, license2:7d4d…d069]
[14:55:33] [kK3WF#2] Toral: died from suicide (Falling)
[22:31:11] [kK3WF#2] Toral: said "/-usePoint"
[22:33:45] [kK3WF#3] CALA A BOCA WL: joined with identifiers [license:124b…1229, discord:2043…1328, license2:7c3d…f7a0, license2:d7b7…7943]
[22:37:03] [kK3WF#3] CALA A BOCA WL: disconnected (Exiting)
[23:15:58] [kK3WF#2] Toral: disconnected (Exiting)
