================================================================
======== Log Rotated - 20/03/2026 00:00:00                      
================================================================
[11:59:19] [AKddq#7] Toral: joined with identifiers [license:7d4d…d069, xbl:2533…8716, live:1899…6936, discord:2881…9632, fivem:1042878, license2:7d4d…d069]
[11:59:23] [AKddq#7] Toral: disconnected (Exiting)
[12:00:20] [AKddq#8] Toral: joined with identifiers [license:7d4d…d069, xbl:2533…8716, live:1899…6936, discord:2881…9632, fivem:1042878, license2:7d4d…d069]
[12:01:16] [AKddq#8] Toral: said "/loadscreen"
[12:01:33] [AKddq#8] Toral: said "/texto do titulo selecao de personagem"
[12:02:03] [AKddq#8] Toral: said "/bloquear criação de novo personagem - custo 10.000 diamantes"
[12:02:50] [AKddq#8] Toral: disconnected (Exiting)
[12:04:55] [AKddq#9] Toral: joined with identifiers [license:7d4d…d069, xbl:2533…8716, live:1899…6936, discord:2881…9632, fivem:1042878, license2:7d4d…d069]
[12:15:16] [AKddq#9] Toral: said "/ITPWAY"
[12:17:29] [AKddq#9] Toral: disconnected (Exiting)
[12:19:00] [AKddq#10] Toral: joined with identifiers [license:7d4d…d069, xbl:2533…8716, live:1899…6936, discord:2881…9632, fivem:1042878, license2:7d4d…d069]
[12:19:55] [AKddq#10] Toral: disconnected (Exiting)
[12:23:26] [AKddq#11] Toral: joined with identifiers [license:7d4d…d069, xbl:2533…8716, live:1899…6936, discord:2881…9632, fivem:1042878, license2:7d4d…d069]
[12:37:07] [AKddq#11] Toral: said "/spawn"
================================================================
======== txAdmin v8.0.1 atop fxserver 25770 Starting - 20/03/2026 12:41:32
================================================================
[12:41:48] txAdmin: Logger started
[12:43:11] [xBjyx#1] Toral: joined with identifiers [license:7d4d…d069, xbl:2533…8716, live:1899…6936, discord:2881…9632, fivem:1042878, license2:7d4d…d069]
[12:45:05] [xBjyx#1] Toral: disconnected (Exiting)
