================================================================
======== txAdmin v8.0.1 atop fxserver 25770 Starting - 25/03/2026 07:18:42
================================================================
================================================================
======== Log Rotated - 25/03/2026 07:18:42                      
================================================================
[07:18:57] txAdmin: Logger started
[08:06:13] [XpJ6t#1] Toral: joined with identifiers [license:7d4d…d069, xbl:2533…8716, live:1899…6936, fivem:1042878, license2:7d4d…d069]
[08:08:17] [XpJ6t#1] Toral: said "/uit"
[08:08:17] [XpJ6t#1] Toral: disconnected (Exiting)
================================================================
======== txAdmin v8.0.1 atop fxserver 25770 Starting - 25/03/2026 08:08:39
================================================================
[08:08:53] txAdmin: Logger started
[08:09:59] [7PEHC#1] Toral: joined with identifiers [license:7d4d…d069, xbl:2533…8716, live:1899…6936, fivem:1042878, license2:7d4d…d069]
[09:22:13] [7PEHC#1] Toral: said "/."
[09:22:13] [7PEHC#1] Toral: said "/."
[09:22:13] [7PEHC#1] Toral: said "/."
[09:24:41] [7PEHC#1] Toral: died from suicide (Falling)
[11:25:04] [7PEHC#1] Toral: died from suicide (Falling)
[11:38:26] [7PEHC#1] Toral: said "/."
[11:38:27] [7PEHC#1] Toral: said "/."
[11:38:27] [7PEHC#1] Toral: said "/."
[11:38:27] [7PEHC#1] Toral: said "/."
[11:38:28] [7PEHC#1] Toral: said "/."
[12:03:13] [7PEHC#1] Toral: said "/rep"
[12:03:15] [7PEHC#1] Toral: said "/rep"
[12:03:16] [7PEHC#1] Toral: said "/rep"
[12:03:17] [7PEHC#1] Toral: said "/rep"
[12:57:43] [7PEHC#1] Toral: said "/tpwy"
================================================================
======== txAdmin v8.0.1 atop fxserver 25770 Starting - 25/03/2026 12:57:57
================================================================
[12:58:14] txAdmin: Logger started
[13:00:54] [RG6DA#1] Toral: joined with identifiers [license:7d4d…d069, xbl:2533…8716, live:1899…6936, fivem:1042878, license2:7d4d…d069]
[13:44:22] [RG6DA#1] Toral: died from suicide (Falling)
[14:22:16] [RG6DA#1] Toral: disconnected (Exiting)
================================================================
======== txAdmin v8.0.1 atop fxserver 25770 Starting - 25/03/2026 14:22:25
================================================================
[14:22:40] txAdmin: Logger started
[14:25:02] [BkwPk#1] Toral: joined with identifiers [license:7d4d…d069, xbl:2533…8716, live:1899…6936, fivem:1042878, license2:7d4d…d069]
[14:30:09] [BkwPk#2] CALA A BOCA WL: joined with identifiers [license:124b…1229, discord:2043…1328, license2:7c3d…f7a0, license2:d7b7…7943]
[14:31:10] [BkwPk#2] CALA A BOCA WL: said "/tpto 1"
[14:32:32] [BkwPk#2] CALA A BOCA WL: disconnected (Exiting)
[15:25:00] [BkwPk#1] Toral: said "/tpwayu"
================================================================
======== txAdmin v8.0.1 atop fxserver 25770 Starting - 25/03/2026 15:36:46
================================================================
[15:37:01] txAdmin: Logger started
[15:37:37] [37YJX#1] Toral: joined with identifiers [license:7d4d…d069, xbl:2533…8716, live:1899…6936, fivem:1042878, license2:7d4d…d069]
================================================================
======== txAdmin v8.0.1 atop fxserver 25770 Starting - 25/03/2026 15:52:43
================================================================
[15:52:58] txAdmin: Logger started
[15:53:53] [Mjh6j#1] Toral: joined with identifiers [license:7d4d…d069, xbl:2533…8716, live:1899…6936, fivem:1042878, license2:7d4d…d069]
[16:17:22] [Mjh6j#1] Toral: said "/-showMenu"
[16:26:36] [Mjh6j#1] Toral: said "/-usePoint"
================================================================
======== txAdmin v8.0.1 atop fxserver 25770 Starting - 25/03/2026 16:35:08
================================================================
[16:35:24] txAdmin: Logger started
[16:36:37] [mLnbW#1] Toral: joined with identifiers [license:7d4d…d069, xbl:2533…8716, live:1899…6936, fivem:1042878, license2:7d4d…d069]
[16:38:17] [mLnbW#1] Toral: disconnected (Exiting)
[18:03:01] [mLnbW#2] Toral: joined with identifiers [license:7d4d…d069, xbl:2533…8716, live:1899…6936, fivem:1042878, license2:7d4d…d069]
[18:30:23] [mLnbW#2] Toral: died from suicide (Falling)
================================================================
======== txAdmin v8.0.1 atop fxserver 25770 Starting - 25/03/2026 18:31:26
================================================================
[18:31:41] txAdmin: Logger started
[18:32:23] [Yn7rp#1] Toral: joined with identifiers [license:7d4d…d069, xbl:2533…8716, live:1899…6936, fivem:1042878, license2:7d4d…d069]
[18:57:01] [Yn7rp#2] CALA A BOCA WL: joined with identifiers [license:124b…1229, discord:2043…1328, license2:7c3d…f7a0, license2:d7b7…7943]
[18:59:50] [Yn7rp#2] CALA A BOCA WL: disconnected (Exiting)
================================================================
======== txAdmin v8.0.1 atop fxserver 25770 Starting - 25/03/2026 19:30:16
================================================================
[19:30:31] txAdmin: Logger started
[19:33:20] [xXRbm#1] Toral: joined with identifiers [license:7d4d…d069, xbl:2533…8716, live:1899…6936, fivem:1042878, license2:7d4d…d069]
================================================================
======== txAdmin v8.0.1 atop fxserver 25770 Starting - 25/03/2026 19:41:34
================================================================
[19:41:48] txAdmin: Logger started
[19:42:35] [GNq8E#1] Toral: joined with identifiers [license:7d4d…d069, xbl:2533…8716, live:1899…6936, fivem:1042878, license2:7d4d…d069]
================================================================
======== txAdmin v8.0.1 atop fxserver 25770 Starting - 25/03/2026 19:51:58
================================================================
[19:52:15] txAdmin: Logger started
[19:53:01] [4LH94#1] Toral: joined with identifiers [license:7d4d…d069, xbl:2533…8716, live:1899…6936, fivem:1042878, license2:7d4d…d069]
[19:58:12] [4LH94#1] Toral: disconnected (Exiting)
================================================================
======== txAdmin v8.0.1 atop fxserver 25770 Starting - 25/03/2026 20:49:28
================================================================
[20:49:38] txAdmin: Logger started
