================================================================
======== Log Rotated - 23/03/2026 00:00:00                      
================================================================
[00:04:26] [EBUEP#1] Toral: died from suicide (Falling)
================================================================
======== txAdmin v8.0.1 atop fxserver 25770 Starting - 23/03/2026 08:34:35
================================================================
[08:34:50] txAdmin: Logger started
[08:43:20] [mMMaF#1] Toral: joined with identifiers [license:7d4d…d069, xbl:2533…8716, live:1899…6936, fivem:1042878, license2:7d4d…d069]
================================================================
======== txAdmin v8.0.1 atop fxserver 25770 Starting - 23/03/2026 10:36:06
================================================================
[10:36:21] txAdmin: Logger started
[10:37:18] [PDRH9#1] Toral: joined with identifiers [license:7d4d…d069, xbl:2533…8716, live:1899…6936, fivem:1042878, license2:7d4d…d069]
[10:41:23] [PDRH9#1] Toral: said "/-usePoint"
[10:52:25] [PDRH9#1] Toral: said "/cds"
[10:52:54] [PDRH9#1] Toral: said "/-49.91, -1102.28, 25.9"
[10:54:34] [PDRH9#1] Toral: said "/p1"
[11:15:09] [PDRH9#1] Toral: said "/-usePoint"
[11:15:23] [PDRH9#1] Toral: said "/-usePoint"
[11:25:35] [PDRH9#1] Toral: said "/v"
[11:26:16] [PDRH9#1] Toral: said "/-38.98, -1110.61, 26.44"
[11:26:57] [PDRH9#1] Toral: said "/-33.21, -1093.9,26.42"
[11:27:37] [PDRH9#1] Toral: said "/-59.23, -1094.34, 26.42"
[11:29:55] [PDRH9#1] Toral: said "/-46.78, -1103.42, 26.42"
[11:30:26] [PDRH9#1] Toral: said "/-50.73, -1102.08, 26.42"
[11:31:14] [PDRH9#1] Toral: said "/-50.12, -1091.44, 26.42"
[11:31:36] [PDRH9#1] Toral: said "/-38.64, -1095, 26.42"
[11:43:01] [PDRH9#2] CALA A BOCA WL: joined with identifiers [license:124b…1229, discord:2043…1328, license2:7c3d…f7a0, license2:d7b7…7943]
[11:44:51] [PDRH9#2] CALA A BOCA WL: said "/tpto 1"
[11:48:21] [PDRH9#2] CALA A BOCA WL: said "/quti"
[11:48:22] [PDRH9#2] CALA A BOCA WL: disconnected (Exiting)
================================================================
======== txAdmin v8.0.1 atop fxserver 25770 Starting - 23/03/2026 11:49:42
================================================================
[11:49:57] txAdmin: Logger started
[11:50:39] [c8jjh#1] Toral: joined with identifiers [license:7d4d…d069, xbl:2533…8716, live:1899…6936, fivem:1042878, license2:7d4d…d069]
================================================================
======== txAdmin v8.0.1 atop fxserver 25770 Starting - 23/03/2026 11:56:14
================================================================
[11:56:29] txAdmin: Logger started
[11:57:13] [WJJFD#1] Toral: joined with identifiers [license:7d4d…d069, xbl:2533…8716, live:1899…6936, fivem:1042878, license2:7d4d…d069]
[12:09:11] [WJJFD#1] Toral: said "/n"
[12:12:30] [WJJFD#1] Toral: said "/money 100"
[12:12:35] [WJJFD#1] Toral: said "/get_money 100"
[12:47:04] [WJJFD#1] Toral: said "/tpwy"
[12:47:05] [WJJFD#1] Toral: said "/tpwy"
[13:04:35] [WJJFD#1] Toral: said "/tpcds"
[13:04:54] [WJJFD#1] Toral: said "/tpcds"
[13:04:56] [WJJFD#1] Toral: said "/tpto"
[13:05:13] [WJJFD#1] Toral: said "/tpcds"
[13:05:16] [WJJFD#1] Toral: said "/tpcds"
[13:42:34] [WJJFD#1] Toral: died from suicide (Falling)
[15:24:05] [WJJFD#2] CALA A BOCA WL: joined with identifiers [license:124b…1229, discord:2043…1328, license2:7c3d…f7a0, license2:d7b7…7943]
================================================================
======== txAdmin v8.0.1 atop fxserver 25770 Starting - 23/03/2026 15:25:23
================================================================
[15:25:39] txAdmin: Logger started
[15:27:21] [LGXFB#1] Toral: joined with identifiers [license:7d4d…d069, xbl:2533…8716, live:1899…6936, fivem:1042878, license2:7d4d…d069]
[15:30:56] [LGXFB#1] Toral: said "/wtpway"
[15:33:16] [LGXFB#1] Toral: said "/2618"
[15:33:32] [LGXFB#1] Toral: said "/2618tpway"
[15:39:19] [LGXFB#2] CALA A BOCA WL: joined with identifiers [license:124b…1229, discord:2043…1328, license2:7c3d…f7a0, license2:d7b7…7943]
[15:40:22] [LGXFB#2] CALA A BOCA WL: said "/tpto 1"
[15:42:24] [LGXFB#1] Toral: said "/-editPoint"
[15:42:31] [LGXFB#2] CALA A BOCA WL: said "/-editPoint"
[15:42:37] [LGXFB#1] Toral: said "/-editPoint"
[15:42:40] [LGXFB#2] CALA A BOCA WL: said "/-editPoint"
[15:43:00] [LGXFB#2] CALA A BOCA WL: died from suicide (Explosion)
[15:43:13] [LGXFB#1] Toral: said "/-editPoint"
[15:43:14] [LGXFB#2] CALA A BOCA WL: said "/-editPoint"
[15:43:41] [LGXFB#2] CALA A BOCA WL: said "/-editPoint"
[15:43:43] [LGXFB#2] CALA A BOCA WL: said "/-editPoint"
[15:52:01] [LGXFB#2] CALA A BOCA WL: said "/hud"
[15:54:41] [LGXFB#1] Toral: said "/p1"
[15:54:50] [LGXFB#1] Toral: said "/-showMenu"
[15:54:50] [LGXFB#1] Toral: said "/-showMenu"
[15:54:53] [LGXFB#1] Toral: said "/-showMenu"
[15:54:53] [LGXFB#1] Toral: said "/-showMenu"
[15:54:53] [LGXFB#1] Toral: said "/-showMenu"
[15:54:53] [LGXFB#1] Toral: said "/-showMenu"
[15:54:55] [LGXFB#1] Toral: said "/-showMenu"
[15:55:00] [LGXFB#1] Toral: said "/-editPoint"
[15:55:48] [LGXFB#2] CALA A BOCA WL: caused an explosion (PETROL_PUMP)
[15:55:48] [LGXFB#1] Toral: caused an explosion (PETROL_PUMP)
[15:55:48] [LGXFB#1] Toral: caused an explosion (CAR)
[15:55:48] [LGXFB#1] Toral: caused an explosion (PETROL_PUMP)
[15:55:48] [LGXFB#1] Toral: died from suicide (Explosion)
[15:56:02] [LGXFB#1] Toral: died from suicide (Fire)
[15:56:24] [LGXFB#2] CALA A BOCA WL: said "/area"
[15:57:18] [LGXFB#1] Toral: said "/-usePoint"
[15:57:37] [LGXFB#1] Toral: said "/-usePoint"
[15:57:38] [LGXFB#1] Toral: said "/-usePoint"
[15:57:38] [LGXFB#1] Toral: said "/-usePoint"
[15:57:38] [LGXFB#1] Toral: said "/-usePoint"
[15:57:38] [LGXFB#1] Toral: said "/-usePoint"
[15:57:38] [LGXFB#1] Toral: said "/-usePoint"
[15:57:39] [LGXFB#1] Toral: said "/-usePoint"
[15:57:39] [LGXFB#1] Toral: said "/-usePoint"
[15:57:42] [LGXFB#1] Toral: said "/-editPoint"
[15:57:42] [LGXFB#1] Toral: said "/-editPoint"
[15:57:43] [LGXFB#1] Toral: said "/-editPoint"
[15:57:44] [LGXFB#1] Toral: said "/-editPoint"
[15:57:44] [LGXFB#1] Toral: said "/-editPoint"
[15:57:44] [LGXFB#1] Toral: said "/-editPoint"
[15:57:47] [LGXFB#1] Toral: said "/-showMenu"
[15:57:48] [LGXFB#1] Toral: said "/-showMenu"
[15:57:48] [LGXFB#1] Toral: said "/-showMenu"
[15:57:48] [LGXFB#1] Toral: said "/-showMenu"
[15:57:48] [LGXFB#1] Toral: said "/-showMenu"
[15:57:49] [LGXFB#1] Toral: said "/-showMenu"
[15:57:49] [LGXFB#1] Toral: said "/-showMenu"
[15:57:49] [LGXFB#1] Toral: said "/-showMenu"
[15:57:50] [LGXFB#1] Toral: said "/-showMenu"
[15:57:54] [LGXFB#1] Toral: died from Double Action Revolver by CALA A BOCA WL
[15:57:58] [LGXFB#2] CALA A BOCA WL: said "/re"
[15:58:00] [LGXFB#2] CALA A BOCA WL: said "/re"
[15:58:21] [LGXFB#2] CALA A BOCA WL: caused an explosion (RAYGUN)
[15:58:21] [LGXFB#1] Toral: died from Up-n-Atomizer by CALA A BOCA WL
[15:58:23] [LGXFB#2] CALA A BOCA WL: caused an explosion (RAYGUN)
[15:58:25] [LGXFB#2] CALA A BOCA WL: caused an explosion (RAYGUN)
[15:58:32] [LGXFB#1] Toral: said "/stats"
[15:58:36] [LGXFB#2] CALA A BOCA WL: caused an explosion (PETROL_PUMP)
[15:58:36] [LGXFB#2] CALA A BOCA WL: caused an explosion (CAR)
[15:58:36] [LGXFB#2] CALA A BOCA WL: died from suicide (Explosion)
[15:58:44] [LGXFB#2] CALA A BOCA WL: caused an explosion (PETROL_PUMP)
[15:58:44] [LGXFB#2] CALA A BOCA WL: died from suicide (Explosion)
[15:58:58] [LGXFB#1] Toral: said "/stats"
[15:59:00] [LGXFB#1] Toral: said "/strees"
================================================================
======== txAdmin v8.0.1 atop fxserver 25770 Starting - 23/03/2026 16:02:15
================================================================
[16:02:31] txAdmin: Logger started
[16:03:15] [AUX8Y#1] Toral: joined with identifiers [license:7d4d…d069, xbl:2533…8716, live:1899…6936, fivem:1042878, license2:7d4d…d069]
[16:11:11] [AUX8Y#1] Toral: said "/nc]nc"
================================================================
======== txAdmin v8.0.1 atop fxserver 25770 Starting - 23/03/2026 16:16:06
================================================================
[16:16:23] txAdmin: Logger started
[16:16:37] [8gGBK#1] Toral: joined with identifiers [license:7d4d…d069, xbl:2533…8716, live:1899…6936, fivem:1042878, license2:7d4d…d069]
================================================================
======== txAdmin v8.0.1 atop fxserver 25770 Starting - 23/03/2026 16:18:35
================================================================
[16:18:49] txAdmin: Logger started
[16:19:52] [db34c#1] Toral: joined with identifiers [license:7d4d…d069, xbl:2533…8716, live:1899…6936, fivem:1042878, license2:7d4d…d069]
================================================================
======== txAdmin v8.0.1 atop fxserver 25770 Starting - 23/03/2026 16:22:50
================================================================
[16:23:05] txAdmin: Logger started
[16:23:51] [a3CVW#1] Toral: joined with identifiers [license:7d4d…d069, xbl:2533…8716, live:1899…6936, fivem:1042878, license2:7d4d…d069]
[16:25:34] [a3CVW#1] Toral: said "pway"
[16:39:44] [a3CVW#1] Toral: disconnected (Server->client connection timed out. Last seen 56453 msec ago.)
[17:28:30] [a3CVW#2] Toral: joined with identifiers [license:7d4d…d069, xbl:2533…8716, live:1899…6936, fivem:1042878, license2:7d4d…d069]
[17:58:57] [a3CVW#2] Toral: said "/-showMenu"
================================================================
======== txAdmin v8.0.1 atop fxserver 25770 Starting - 23/03/2026 18:00:00
================================================================
[18:00:16] txAdmin: Logger started
[18:00:53] [r84BX#1] Toral: joined with identifiers [license:7d4d…d069, xbl:2533…8716, live:1899…6936, fivem:1042878, license2:7d4d…d069]
[19:06:25] [r84BX#1] Toral: died from suicide
[19:40:37] [r84BX#1] Toral: said "/dv]"
[19:48:18] [r84BX#1] Toral: said "/v"
[19:48:19] [r84BX#1] Toral: said "/dsv"
[19:54:14] [r84BX#1] Toral: said "/."
[19:54:14] [r84BX#1] Toral: said "/."
[19:54:15] [r84BX#1] Toral: said "/."
[19:54:15] [r84BX#1] Toral: said "/."
[19:54:15] [r84BX#1] Toral: said "/."
[19:54:15] [r84BX#1] Toral: said "/."
[19:55:47] [r84BX#1] Toral: said "/."
[19:55:48] [r84BX#1] Toral: said "/."
[19:55:48] [r84BX#1] Toral: said "/."
[20:08:06] [r84BX#1] Toral: said "/vector3(265.39, -1188.31, 29.42)"
[20:23:45] [r84BX#2] QuickBeetle3736: joined with identifiers [license:8198…611b, xbl:2535…4173, live:9851…5123, license2:8198…611b]
[20:30:09] [r84BX#2] QuickBeetle3736: said "/-editPoint"
[20:34:23] [r84BX#2] QuickBeetle3736: disconnected (Exiting)
[21:06:25] [r84BX#1] Toral: died from suicide
[21:47:34] [r84BX#3] CALA A BOCA WL: joined with identifiers [license:124b…1229, discord:2043…1328, license2:7c3d…f7a0, license2:d7b7…7943]
[21:55:03] [r84BX#1] Toral: said "/tpto 2"
[21:55:05] [r84BX#1] Toral: said "/tpto 3"
[21:57:48] [r84BX#3] CALA A BOCA WL: said "/tpto 2"
[21:58:51] [r84BX#1] Toral: said "/ncnc"
[22:04:23] [r84BX#1] Toral: said "/-usePoint"
[22:04:37] [r84BX#1] Toral: said "/-usePoint"
[22:06:21] [r84BX#3] CALA A BOCA WL: caused an explosion (RAYGUN)
[22:06:28] [r84BX#3] CALA A BOCA WL: caused an explosion (RAYGUN)
[22:06:31] [r84BX#3] CALA A BOCA WL: caused an explosion (RAYGUN)
[22:06:33] [r84BX#3] CALA A BOCA WL: caused an explosion (RAYGUN)
[22:06:36] [r84BX#3] CALA A BOCA WL: caused an explosion (RAYGUN)
[22:06:40] [r84BX#3] CALA A BOCA WL: caused an explosion (RAYGUN)
[22:14:48] [r84BX#3] CALA A BOCA WL: died from suicide
[22:21:40] [r84BX#3] CALA A BOCA WL: said ";dv]"
[22:47:04] [r84BX#3] CALA A BOCA WL: said "/tunning"
[22:58:15] [r84BX#3] CALA A BOCA WL: disconnected (Exiting)
[23:06:31] [r84BX#4] CALA A BOCA WL: joined with identifiers [license:124b…1229, discord:2043…1328, license2:7c3d…f7a0, license2:d7b7…7943]
[23:18:24] [r84BX#4] CALA A BOCA WL: said "dv/"
[23:20:16] [r84BX#4] CALA A BOCA WL: disconnected (Disconnected.)
[23:20:50] [r84BX#5] CALA A BOCA WL: joined with identifiers [license:124b…1229, discord:2043…1328, license2:7c3d…f7a0, license2:d7b7…7943]
[23:30:57] [r84BX#5] CALA A BOCA WL: said "/-editPoint"
[23:41:28] [r84BX#1] Toral: died from suicide
[23:48:31] [r84BX#1] Toral: said "/-editPoint"
[23:54:35] [r84BX#5] CALA A BOCA WL: died from suicide (Falling)
