================================================================
======== txAdmin v8.0.1 atop fxserver 25770 Starting - 21/03/2026 12:21:54
================================================================
================================================================
======== Log Rotated - 21/03/2026 12:21:54                      
================================================================
[12:22:10] txAdmin: Logger started
[12:23:58] [JGqfH#1] Toral: joined with identifiers [license:7d4d…d069, xbl:2533…8716, live:1899…6936, discord:2881…9632, fivem:1042878, license2:7d4d…d069]
[12:59:03] [JGqfH#1] Toral: said "/-usePoint"
[13:13:38] [JGqfH#1] Toral: said "/tpcds"
[13:13:44] [JGqfH#1] Toral: said "/tpcds"
[13:14:06] [JGqfH#1] Toral: said "/tpto"
================================================================
======== txAdmin v8.0.1 atop fxserver 25770 Starting - 21/03/2026 13:18:13
================================================================
[13:18:27] txAdmin: Logger started
[15:56:47] [7UDey#1] Toral: joined with identifiers [license:7d4d…d069, xbl:2533…8716, live:1899…6936, discord:2881…9632, fivem:1042878, license2:7d4d…d069]
[16:46:22] [7UDey#1] Toral: said "/stats"
[16:49:19] [7UDey#1] Toral: said "/-showMenu"
[16:51:49] [7UDey#1] Toral: said "/clea"
================================================================
======== txAdmin v8.0.1 atop fxserver 25770 Starting - 21/03/2026 16:52:05
================================================================
[16:52:19] txAdmin: Logger started
[16:52:52] [dg3Af#1] Toral: joined with identifiers [license:7d4d…d069, xbl:2533…8716, live:1899…6936, discord:2881…9632, fivem:1042878, license2:7d4d…d069]
[17:22:06] [dg3Af#1] Toral: said "/tpwy"
[17:34:32] [dg3Af#1] Toral: said "/TPWA"
[17:34:40] [dg3Af#1] Toral: said "/hnc"
================================================================
======== txAdmin v8.0.1 atop fxserver 25770 Starting - 21/03/2026 17:37:14
================================================================
[17:37:28] txAdmin: Logger started
[17:37:52] [wt8YA#1] Toral: joined with identifiers [license:7d4d…d069, xbl:2533…8716, live:1899…6936, discord:2881…9632, fivem:1042878, license2:7d4d…d069]
[17:54:50] [wt8YA#1] Toral: disconnected (Exiting)
================================================================
======== txAdmin v8.0.1 atop fxserver 25770 Starting - 21/03/2026 17:55:00
================================================================
[17:55:15] txAdmin: Logger started
[17:55:49] [gF34f#1] Toral: joined with identifiers [license:7d4d…d069, xbl:2533…8716, live:1899…6936, discord:2881…9632, fivem:1042878, license2:7d4d…d069]
[17:58:49] [gF34f#1] Toral: said "/TPWAY]"
[18:29:52] [gF34f#1] Toral: said "/pegar"
[18:29:54] [gF34f#1] Toral: said "/carregar"
[18:30:46] [gF34f#1] Toral: said "/carsentinel"
[18:34:58] [gF34f#1] Toral: said "/-usePoint"
[18:34:58] [gF34f#1] Toral: said "/ar bagger"
[18:35:23] [gF34f#1] Toral: said "/-usePoint"
[18:43:03] [gF34f#1] Toral: said "/dinheiro 1000"
[18:50:34] [gF34f#1] Toral: said "/-usePoint"
[18:50:35] [gF34f#1] Toral: said "/ar panto"
[18:54:25] [gF34f#1] Toral: said "/cds4"
[18:54:29] [gF34f#1] Toral: said "/cds"
[19:02:00] [gF34f#1] Toral: disconnected (Exiting)
================================================================
======== txAdmin v8.0.1 atop fxserver 25770 Starting - 21/03/2026 19:02:12
================================================================
[19:02:27] txAdmin: Logger started
[19:04:54] [Nz3Qc#1] Toral: joined with identifiers [license:7d4d…d069, xbl:2533…8716, live:1899…6936, discord:2881…9632, fivem:1042878, license2:7d4d…d069]
[19:27:23] [Nz3Qc#1] Toral: disconnected (Exiting)
================================================================
======== txAdmin v8.0.1 atop fxserver 25770 Starting - 21/03/2026 19:27:44
================================================================
[19:27:59] txAdmin: Logger started
[19:30:13] [EhcGN#1] Toral: joined with identifiers [license:7d4d…d069, xbl:2533…8716, live:1899…6936, discord:2881…9632, fivem:1042878, license2:7d4d…d069]
[19:32:05] [EhcGN#1] Toral: disconnected (Exiting)
