================================================================
======== Log Rotated - 26/03/2026 00:00:00                      
================================================================
[11:13:00] [JkYKB#1] Toral: joined with identifiers [license:7d4d…d069, xbl:2533…8716, live:1899…6936, discord:2881…9632, fivem:1042878, license2:7d4d…d069]
[11:14:06] [JkYKB#1] Toral: disconnected (Exiting)
================================================================
======== txAdmin v8.0.1 atop fxserver 25770 Starting - 26/03/2026 11:14:39
================================================================
[11:14:50] txAdmin: Logger started
================================================================
======== txAdmin v8.0.1 atop fxserver 25770 Starting - 26/03/2026 11:15:41
================================================================
[11:15:51] txAdmin: Logger started
[11:18:15] [kjdA8#1] Toral: joined with identifiers [license:7d4d…d069, xbl:2533…8716, live:1899…6936, discord:2881…9632, fivem:1042878, license2:7d4d…d069]
[11:20:35] [kjdA8#1] Toral: said "/adm"
[11:20:42] [kjdA8#1] Toral: said "/adm"
[11:20:45] [kjdA8#1] Toral: said "/adm"
[11:20:50] [kjdA8#1] Toral: said "/adm"
================================================================
======== txAdmin v8.0.1 atop fxserver 25770 Starting - 26/03/2026 11:22:30
================================================================
[11:22:42] txAdmin: Logger started
[11:23:53] [xgVN3#1] Toral: joined with identifiers [license:7d4d…d069, xbl:2533…8716, live:1899…6936, discord:2881…9632, fivem:1042878, license2:7d4d…d069]
[11:30:25] [xgVN3#1] Toral: disconnected (Exiting)
================================================================
======== txAdmin v8.0.1 atop fxserver 25770 Starting - 26/03/2026 11:31:43
================================================================
[11:32:00] txAdmin: Logger started
[11:33:16] [4f6VV#1] Toral: joined with identifiers [license:7d4d…d069, xbl:2533…8716, live:1899…6936, discord:2881…9632, fivem:1042878, license2:7d4d…d069]
================================================================
======== txAdmin v8.0.1 atop fxserver 25770 Starting - 26/03/2026 11:36:49
================================================================
[11:37:04] txAdmin: Logger started
================================================================
======== txAdmin v8.0.1 atop fxserver 25770 Starting - 26/03/2026 12:03:23
================================================================
[12:03:32] txAdmin: Logger started
[12:05:49] [F6MMM#1] Toral: joined with identifiers [license:7d4d…d069, xbl:2533…8716, live:1899…6936, discord:2881…9632, fivem:1042878, license2:7d4d…d069]
[12:09:55] [F6MMM#1] Toral: said "/adm"
[12:10:00] [F6MMM#1] Toral: said "/adm"
================================================================
======== txAdmin v8.0.1 atop fxserver 25770 Starting - 26/03/2026 12:12:50
================================================================
[12:13:07] txAdmin: Logger started
[12:13:18] [VtqwG#1] Toral: joined with identifiers [license:7d4d…d069, xbl:2533…8716, live:1899…6936, discord:2881…9632, fivem:1042878, license2:7d4d…d069]
[12:49:39] [VtqwG#1] Toral: said "/-usePoint"
================================================================
======== txAdmin v8.0.1 atop fxserver 25770 Starting - 26/03/2026 12:51:01
================================================================
[12:51:12] txAdmin: Logger started
[12:52:34] [igbY8#1] Toral: joined with identifiers [license:7d4d…d069, xbl:2533…8716, live:1899…6936, discord:2881…9632, fivem:1042878, license2:7d4d…d069]
================================================================
======== txAdmin v8.0.1 atop fxserver 25770 Starting - 26/03/2026 12:55:44
================================================================
[12:56:00] txAdmin: Logger started
[12:56:42] [CDiA6#1] Toral: joined with identifiers [license:7d4d…d069, xbl:2533…8716, live:1899…6936, discord:2881…9632, fivem:1042878, license2:7d4d…d069]
================================================================
======== txAdmin v8.0.1 atop fxserver 25770 Starting - 26/03/2026 12:57:58
================================================================
[12:58:09] txAdmin: Logger started
[12:59:11] [kVQr3#1] Toral: joined with identifiers [license:7d4d…d069, xbl:2533…8716, live:1899…6936, discord:2881…9632, fivem:1042878, license2:7d4d…d069]
================================================================
======== txAdmin v8.0.1 atop fxserver 25770 Starting - 26/03/2026 13:00:22
================================================================
[13:00:33] txAdmin: Logger started
[13:01:19] [ECDUa#1] Toral: joined with identifiers [license:7d4d…d069, xbl:2533…8716, live:1899…6936, discord:2881…9632, fivem:1042878, license2:7d4d…d069]
================================================================
======== txAdmin v8.0.1 atop fxserver 25770 Starting - 26/03/2026 13:02:42
================================================================
[13:02:58] txAdmin: Logger started
[13:03:41] [tk9E8#1] Toral: joined with identifiers [license:7d4d…d069, xbl:2533…8716, live:1899…6936, discord:2881…9632, fivem:1042878, license2:7d4d…d069]
[13:59:04] [tk9E8#1] Toral: disconnected (Server->client connection timed out. Pending commands: 46.	Command list:	msgStateBag (42 B, 17841 msec ago)	msgStateBag (42 B, 18432 msec ago)	msgStateBag (42 B, 18432 msec ago)	msgStateBag (42 B, 18432 msec ago)	msgStateBag (42 B, 18432 msec ago)	msgStateBag (42 B, 13834 msec ago)	msgStateBag (42 B, 9824 msec ago)	)
================================================================
======== txAdmin v8.0.1 atop fxserver 25770 Starting - 26/03/2026 15:53:39
================================================================
[15:53:54] txAdmin: Logger started
[16:08:51] [nEDMR#1] Toral: joined with identifiers [license:7d4d…d069, xbl:2533…8716, live:1899…6936, discord:2881…9632, fivem:1042878, license2:7d4d…d069]
================================================================
======== txAdmin v8.0.1 atop fxserver 25770 Starting - 26/03/2026 16:11:39
================================================================
[16:11:56] txAdmin: Logger started
[16:12:43] [yAmbV#1] Toral: joined with identifiers [license:7d4d…d069, xbl:2533…8716, live:1899…6936, discord:2881…9632, fivem:1042878, license2:7d4d…d069]
================================================================
======== txAdmin v8.0.1 atop fxserver 25770 Starting - 26/03/2026 16:15:09
================================================================
[16:15:19] txAdmin: Logger started
[16:16:22] [kpcnM#1] Toral: joined with identifiers [license:7d4d…d069, xbl:2533…8716, live:1899…6936, discord:2881…9632, fivem:1042878, license2:7d4d…d069]
================================================================
======== txAdmin v8.0.1 atop fxserver 25770 Starting - 26/03/2026 17:03:18
================================================================
[17:03:33] txAdmin: Logger started
[17:04:19] [LUtff#1] Toral: joined with identifiers [license:7d4d…d069, xbl:2533…8716, live:1899…6936, discord:2881…9632, fivem:1042878, license2:7d4d…d069]
[17:11:19] [LUtff#1] Toral: disconnected (Server->client connection timed out. Last seen 37278 msec ago.)
[17:20:59] [LUtff#2] Toral: joined with identifiers [license:7d4d…d069, xbl:2533…8716, live:1899…6936, discord:2881…9632, fivem:1042878, license2:7d4d…d069]
================================================================
======== txAdmin v8.0.1 atop fxserver 25770 Starting - 26/03/2026 17:24:58
================================================================
[17:25:14] txAdmin: Logger started
[17:25:56] [6aHEB#1] Toral: joined with identifiers [license:7d4d…d069, xbl:2533…8716, live:1899…6936, discord:2881…9632, fivem:1042878, license2:7d4d…d069]
================================================================
======== txAdmin v8.0.1 atop fxserver 25770 Starting - 26/03/2026 17:29:31
================================================================
[17:29:46] txAdmin: Logger started
================================================================
======== txAdmin v8.0.1 atop fxserver 25770 Starting - 26/03/2026 17:31:23
================================================================
[17:31:38] txAdmin: Logger started
[17:31:58] [XVLPQ#1] Toral: joined with identifiers [license:7d4d…d069, xbl:2533…8716, live:1899…6936, discord:2881…9632, fivem:1042878, license2:7d4d…d069]
[18:28:39] [XVLPQ#1] Toral: said "/-showMenu"
[19:11:34] [XVLPQ#1] Toral: disconnected (Server->client connection timed out. Last seen 62 msec ago.)
================================================================
======== txAdmin v8.0.1 atop fxserver 25770 Starting - 26/03/2026 19:12:02
================================================================
[19:12:17] txAdmin: Logger started
[19:14:43] [fx3jP#1] Toral: joined with identifiers [license:7d4d…d069, xbl:2533…8716, live:1899…6936, discord:2881…9632, fivem:1042878, license2:7d4d…d069]
[19:35:50] [fx3jP#1] Toral: said "/yoga"
[19:54:15] [fx3jP#1] Toral: disconnected (Exiting)
================================================================
======== txAdmin v8.0.1 atop fxserver 25770 Starting - 26/03/2026 20:39:14
================================================================
[20:39:30] txAdmin: Logger started
